0 info it worked if it ends with ok
1 verbose cli [ 'C:\\Program Files\\nodejs\\node.exe',
1 verbose cli   'C:\\Program Files\\nodejs\\node_modules\\npm\\bin\\npm-cli.js',
1 verbose cli   'run',
1 verbose cli   'bundlerun' ]
2 info using npm@3.10.10
3 info using node@v7.2.1
4 verbose run-script [ 'prebundlerun', 'bundlerun', 'postbundlerun' ]
5 info lifecycle news-finder-react@1.0.0~prebundlerun: news-finder-react@1.0.0
6 silly lifecycle news-finder-react@1.0.0~prebundlerun: no script for prebundlerun, continuing
7 info lifecycle news-finder-react@1.0.0~bundlerun: news-finder-react@1.0.0
8 verbose lifecycle news-finder-react@1.0.0~bundlerun: unsafe-perm in lifecycle true
9 verbose lifecycle news-finder-react@1.0.0~bundlerun: PATH: C:\Program Files\nodejs\node_modules\npm\bin\node-gyp-bin;C:\Users\j x\Desktop\northwestern_coding_boot_camp\homework15\news-finder-react\node_modules\.bin;C:\Users\j x\bin;C:\Program Files\Git\mingw64\bin;C:\Program Files\Git\usr\local\bin;C:\Program Files\Git\usr\bin;C:\Program Files\Git\usr\bin;C:\Program Files\Git\mingw64\bin;C:\Program Files\Git\usr\bin;C:\Users\j x\bin;C:\ProgramData\Oracle\Java\javapath;C:\Program Files (x86)\Intel\iCLS Client;C:\Program Files\Intel\iCLS Client;C:\Windows\system32;C:\Windows;C:\Windows\System32\Wbem;C:\Windows\System32\WindowsPowerShell\v1.0;C:\Program Files (x86)\Intel\Intel(R) Management Engine Components\DAL;C:\Program Files\Intel\Intel(R) Management Engine Components\DAL;C:\Program Files (x86)\Intel\Intel(R) Management Engine Components\IPT;C:\Program Files\Intel\Intel(R) Management Engine Components\IPT;C:\Program Files (x86)\Heroku\bin;C:\Program Files (x86)\git\cmd;C:\Program Files\Git\cmd;C:\Program Files\nodejs;C:\Program Files\Intel\WiFi\bin;C:\Program Files\Common Files\Intel\WirelessCommon;C:\Users\j x\AppData\Local\Programs\Python\Python36-32\Scripts;C:\Users\j x\AppData\Local\Programs\Python\Python36-32;C:\Users\j x\AppData\Local\Microsoft\WindowsApps;C:\Program Files\Intel\WiFi\bin;C:\Program Files\Common Files\Intel\WirelessCommon;C:\Users\j x\AppData\Roaming\npm;C:\Users\j x\AppData\Local\atom\bin;C:\Program Files\MongoDB\Server\3.4\bin;C:\Program Files\Git\usr\bin\vendor_perl;C:\Program Files\Git\usr\bin\core_perl
10 verbose lifecycle news-finder-react@1.0.0~bundlerun: CWD: C:\Users\j x\Desktop\northwestern_coding_boot_camp\homework15\news-finder-react
11 silly lifecycle news-finder-react@1.0.0~bundlerun: Args: [ '/d /s /c', 'webpack && node server.js' ]
12 silly lifecycle news-finder-react@1.0.0~bundlerun: Returned: code: 3221225786  signal: null
13 info lifecycle news-finder-react@1.0.0~bundlerun: Failed to exec bundlerun script
14 verbose stack Error: news-finder-react@1.0.0 bundlerun: `webpack && node server.js`
14 verbose stack Exit status 3221225786
14 verbose stack     at EventEmitter.<anonymous> (C:\Program Files\nodejs\node_modules\npm\lib\utils\lifecycle.js:255:16)
14 verbose stack     at emitTwo (events.js:106:13)
14 verbose stack     at EventEmitter.emit (events.js:191:7)
14 verbose stack     at ChildProcess.<anonymous> (C:\Program Files\nodejs\node_modules\npm\lib\utils\spawn.js:40:14)
14 verbose stack     at emitTwo (events.js:106:13)
14 verbose stack     at ChildProcess.emit (events.js:191:7)
14 verbose stack     at maybeClose (internal/child_process.js:885:16)
14 verbose stack     at Process.ChildProcess._handle.onexit (internal/child_process.js:226:5)
15 verbose pkgid news-finder-react@1.0.0
16 verbose cwd C:\Users\j x\Desktop\northwestern_coding_boot_camp\homework15\news-finder-react
17 error Windows_NT 10.0.14393
18 error argv "C:\\Program Files\\nodejs\\node.exe" "C:\\Program Files\\nodejs\\node_modules\\npm\\bin\\npm-cli.js" "run" "bundlerun"
19 error node v7.2.1
20 error npm  v3.10.10
21 error code ELIFECYCLE
22 error news-finder-react@1.0.0 bundlerun: `webpack && node server.js`
22 error Exit status 3221225786
23 error Failed at the news-finder-react@1.0.0 bundlerun script 'webpack && node server.js'.
23 error Make sure you have the latest version of node.js and npm installed.
23 error If you do, this is most likely a problem with the news-finder-react package,
23 error not with npm itself.
23 error Tell the author that this fails on your system:
23 error     webpack && node server.js
23 error You can get information on how to open an issue for this project with:
23 error     npm bugs news-finder-react
23 error Or if that isn't available, you can get their info via:
23 error     npm owner ls news-finder-react
23 error There is likely additional logging output above.
24 verbose exit [ 1, true ]
